2009-12-09 11:04:31 Debug: Notice (8): Undefined property: User::$Language in [APP\controllers\users_controller.php, line 33]
2009-12-09 11:44:32 Debug: Notice (8): Undefined variable: offer_language in [APP\controllers\users_controller.php, line 41]
2009-12-09 11:51:22 Debug: Notice (8): Undefined variable: offer in [APP\controllers\users_controller.php, line 39]
2009-12-09 11:52:21 Debug: Notice (8): Undefined variable: data in [APP\views\users\add.ctp, line 6]
2009-12-09 12:27:07 Debug: Notice (8): Undefined variable: data in [APP\views\users\add.ctp, line 6]
2009-12-09 12:33:53 Debug: Notice (8): Array to string conversion in [APP\controllers\users_controller.php, line 46]
2009-12-09 12:33:53 Debug: Notice (8): Undefined property: UsersController::$Array in [APP\controllers\users_controller.php, line 46]
2009-12-09 12:34:10 Debug: Notice (8): Array to string conversion in [APP\controllers\users_controller.php, line 46]
2009-12-09 12:34:10 Debug: Notice (8): Undefined property: UsersController::$Array in [APP\controllers\users_controller.php, line 46]
2009-12-09 12:34:19 Debug: Notice (8): Undefined property: UsersController::$offer in [APP\controllers\users_controller.php, line 46]
2009-12-09 12:34:41 Debug: Notice (8): Undefined property: UsersController::$offer in [APP\controllers\users_controller.php, line 46]
2009-12-09 12:34:55 Debug: Notice (8): Undefined property: UsersController::$cities in [APP\controllers\users_controller.php, line 47]
2009-12-09 12:35:22 Debug: Notice (8): Undefined variable: data in [APP\controllers\users_controller.php, line 47]
2009-12-09 12:35:29 Debug: Notice (8): Undefined variable: data in [APP\controllers\users_controller.php, line 47]
2009-12-09 12:43:35 Debug: Notice (8): Undefined variable: offer_languages_id in [APP\views\users\add.ctp, line 2]
2009-12-09 12:46:02 Debug: Notice (8): Undefined variable: offer_languages in [APP\views\users\add.ctp, line 2]
2009-12-09 12:46:02 Debug: Notice (8): Undefined variable: offer_languages in [APP\views\users\add.ctp, line 18]
2009-12-09 12:46:12 Debug: Notice (8): Undefined variable: offer_languages in [APP\views\users\add.ctp, line 18]
2009-12-09 12:46:44 Debug: Notice (8): Undefined variable: offer_languages in [APP\views\users\add.ctp, line 18]
2009-12-09 12:47:32 Debug: Notice (8): Undefined variable: offer_languages in [APP\controllers\users_controller.php, line 46]
2009-12-09 12:47:32 Debug: Notice (8): Undefined variable: offer_languages in [APP\views\users\add.ctp, line 18]
2009-12-09 12:47:41 Debug: Notice (8): Undefined variable: offer_languages in [APP\views\users\add.ctp, line 18]
2009-12-09 14:41:40 Debug: Notice (8): Undefined variable: model in [APP\controllers\users_controller.php, line 23]
2009-12-09 14:44:26 Debug: Notice (8): Undefined variable: modelClass in [APP\controllers\users_controller.php, line 23]
2009-12-09 14:55:26 Debug: Notice (8): Undefined index:  sex in [APP\views\users\index.ctp, line 52]
2009-12-09 14:56:01 Debug: Notice (8): Undefined index:  sex in [APP\views\users\index.ctp, line 52]
2009-12-09 14:58:07 Debug: Notice (1024): Please change the value of 'Security.salt' in app/config/core.php to a salt value specific to your application in [CORE\cake\libs\debugger.php, line 557]
2009-12-09 15:22:23 Debug: Notice (8): Undefined index:  password in [APP\controllers\users_controller.php, line 54]
2009-12-09 16:07:37 Debug: Notice (8): Use of undefined constant lang_id - assumed 'lang_id' in [APP\controllers\users_controller.php, line 53]
2009-12-09 16:07:44 Debug: Notice (8): Use of undefined constant lang_id - assumed 'lang_id' in [APP\controllers\users_controller.php, line 53]
2009-12-09 16:08:37 Debug: Notice (8): Use of undefined constant lang_id - assumed 'lang_id' in [APP\controllers\users_controller.php, line 55]
2009-12-09 16:15:49 Debug: Notice (8): Trying to get property of non-object in [APP\controllers\users_controller.php, line 49]
2009-12-09 16:16:12 Debug: Notice (8): Undefined offset:  0 in [APP\controllers\users_controller.php, line 49]
2009-12-09 16:20:16 Debug: Notice (8): Undefined index:  countries in [APP\controllers\users_controller.php, line 49]
2009-12-09 16:20:16 Debug: Notice (8): Undefined index:  cities in [APP\controllers\users_controller.php, line 50]
2009-12-09 16:20:36 Debug: Notice (8): Undefined index:  countries in [APP\controllers\users_controller.php, line 50]
2009-12-09 16:20:36 Debug: Notice (8): Undefined index:  cities in [APP\controllers\users_controller.php, line 51]
2009-12-09 16:20:48 Debug: Notice (8): Use of undefined constant lang_id - assumed 'lang_id' in [APP\controllers\users_controller.php, line 59]
2009-12-09 16:22:40 Debug: Notice (8): Undefined index:  sex in [APP\views\languages\view.ctp, line 57]
2009-12-09 16:34:37 Debug: Notice (8): Undefined variable: langauge_id in [APP\controllers\users_controller.php, line 75]
2009-12-09 16:37:17 Debug: Notice (8): Undefined variable: paginator in [APP\views\users\search.ctp, line 5]
2009-12-09 16:38:38 Debug: Notice (8): Undefined index:  City in [APP\views\users\search.ctp, line 40]
2009-12-09 16:38:55 Debug: Notice (8): Undefined index:  City in [APP\views\users\search.ctp, line 40]
2009-12-09 16:41:24 Debug: Notice (8): Undefined index:  User in [APP\views\users\search.ctp, line 25]
2009-12-09 16:41:24 Debug: Notice (8): Undefined index:  User in [APP\views\users\search.ctp, line 28]
2009-12-09 16:41:24 Debug: Notice (8): Undefined index:  User in [APP\views\users\search.ctp, line 31]
2009-12-09 16:41:24 Debug: Notice (8): Undefined index:  User in [APP\views\users\search.ctp, line 34]
2009-12-09 16:41:24 Debug: Notice (8): Undefined index:  User in [APP\views\users\search.ctp, line 37]
2009-12-09 16:41:24 Debug: Notice (8): Undefined index:  User in [APP\views\users\search.ctp, line 40]
2009-12-09 16:41:24 Debug: Notice (8): Undefined index:  User in [APP\views\users\search.ctp, line 44]
2009-12-09 16:41:24 Debug: Notice (8): Undefined index:  User in [APP\views\users\search.ctp, line 47]
2009-12-09 16:41:24 Debug: Notice (8): Undefined index:  User in [APP\views\users\search.ctp, line 50]
2009-12-09 16:41:24 Debug: Notice (8): Undefined index:  User in [APP\views\users\search.ctp, line 51]
2009-12-09 16:41:24 Debug: Notice (8): Undefined index:  User in [APP\views\users\search.ctp, line 52]
2009-12-09 16:44:56 Debug: Notice (8): Undefined index:  id in [APP\views\users\search.ctp, line 25]
2009-12-09 16:44:56 Debug: Notice (8): Undefined index:  password in [APP\views\users\search.ctp, line 37]
2009-12-09 16:44:56 Debug: Notice (8): Undefined index:  city_id in [APP\views\users\search.ctp, line 40]
2009-12-09 16:44:56 Debug: Notice (8): Undefined index:  id in [APP\views\users\search.ctp, line 50]
2009-12-09 16:44:56 Debug: Notice (8): Undefined index:  id in [APP\views\users\search.ctp, line 51]
2009-12-09 16:44:56 Debug: Notice (8): Undefined index:  id in [APP\views\users\search.ctp, line 52]
2009-12-09 16:45:23 Debug: Notice (8): Undefined index:  id in [APP\views\users\search.ctp, line 25]
2009-12-09 16:45:23 Debug: Notice (8): Undefined index:  password in [APP\views\users\search.ctp, line 37]
2009-12-09 16:45:23 Debug: Notice (8): Undefined index:  id in [APP\views\users\search.ctp, line 50]
2009-12-09 16:45:23 Debug: Notice (8): Undefined index:  id in [APP\views\users\search.ctp, line 51]
2009-12-09 16:45:23 Debug: Notice (8): Undefined index:  id in [APP\views\users\search.ctp, line 52]
2009-12-09 17:01:19 Debug: Notice (8): Undefined variable: users in [APP\views\users\search.ctp, line 17]
2009-12-09 17:24:40 Debug: Notice (8): Undefined variable: offer in [APP\views\users\add.ctp, line 13]
2009-12-09 17:24:40 Debug: Notice (8): Undefined variable: want in [APP\views\users\add.ctp, line 14]
2009-12-09 17:27:10 Debug: Notice (8): Undefined variable: offer in [APP\views\users\add.ctp, line 13]
2009-12-09 17:27:10 Debug: Notice (8): Undefined variable: want in [APP\views\users\add.ctp, line 14]
2009-12-09 17:29:18 Debug: Notice (8): Undefined variable: offer in [APP\views\users\add.ctp, line 13]
2009-12-09 17:29:18 Debug: Notice (8): Undefined variable: want in [APP\views\users\add.ctp, line 14]
2009-12-09 17:32:13 Debug: Notice (8): Undefined variable: offer in [APP\views\users\add.ctp, line 13]
2009-12-09 17:32:13 Debug: Notice (8): Undefined variable: want in [APP\views\users\add.ctp, line 14]
2009-12-09 17:49:37 Debug: Notice (8): Undefined variable: offer_langauge_id in [APP\controllers\users_controller.php, line 115]
2009-12-09 17:49:37 Debug: Notice (8): Undefined property: LanguagesUsersController::$LanguagesUsers in [APP\controllers\users_controller.php, line 118]
2009-12-09 17:51:55 Debug: Notice (8): Undefined variable: offer_langauge_id in [APP\controllers\users_controller.php, line 117]
2009-12-09 17:51:55 Debug: Notice (8): Undefined property: LanguagesUsersController::$LanguagesUsers in [APP\controllers\users_controller.php, line 120]
2009-12-09 17:53:01 Debug: Notice (8): Undefined property: LanguagesUsersController::$LanguagesUsers in [APP\controllers\users_controller.php, line 120]
2009-12-09 20:50:10 Debug: Notice (8): Undefined variable: paginator in [APP\views\users\search.ctp, line 5]
2009-12-09 20:51:52 Debug: Notice (8): Undefined variable: paginator in [APP\views\users\search.ctp, line 5]
2009-12-09 20:53:30 Debug: Notice (8): Undefined variable: paginator in [APP\views\users\search.ctp, line 5]
2009-12-09 20:53:41 Debug: Notice (8): Undefined variable: paginator in [APP\views\users\search.ctp, line 5]
2009-12-09 20:53:46 Debug: Notice (8): Undefined variable: paginator in [APP\views\users\search.ctp, line 5]
2009-12-09 20:56:53 Debug: Notice (8): Undefined variable: paginator in [APP\views\users\search.ctp, line 5]
2009-12-09 20:58:25 Debug: Notice (8): Undefined variable: paginator in [APP\views\users\search.ctp, line 5]
2009-12-09 21:31:39 Debug: Notice (8): Undefined variable: paginator in [APP\views\users\index.ctp, line 5]
2009-12-09 21:32:30 Debug: Notice (8): Undefined variable: paginator in [APP\views\users\index.ctp, line 5]
2009-12-09 21:34:25 Debug: Notice (8): Undefined variable: paginator in [APP\views\users\index.ctp, line 5]
2009-12-09 22:52:51 Debug: Notice (8): Undefined variable: paginator in [APP\views\users\search.ctp, line 5]
2009-12-09 23:02:15 Debug: Notice (8): Undefined variable: paginator in [APP\views\users\search.ctp, line 6]
2009-12-09 23:02:52 Debug: Notice (8): Undefined variable: paginator in [APP\views\users\search.ctp, line 6]
2009-12-09 23:03:33 Debug: Notice (8): Undefined variable: users in [APP\views\users\search.ctp, line 22]
2009-12-09 23:03:51 Debug: Notice (8): Undefined variable: users in [APP\views\users\search.ctp, line 22]
2009-12-09 23:09:12 Debug: Notice (8): Undefined variable: users in [APP\views\users\search.ctp, line 22]
2009-12-09 23:09:42 Debug: Notice (8): Undefined variable: users in [APP\views\users\search.ctp, line 22]
2009-12-09 23:12:02 Debug: Notice (8): Undefined variable: users in [APP\views\users\search.ctp, line 22]
2009-12-09 23:12:08 Debug: Notice (8): Undefined variable: users in [APP\views\users\search.ctp, line 22]
2009-12-09 23:18:49 Debug: Notice (8): Undefined variable: users in [APP\views\users\search.ctp, line 22]
2009-12-09 23:23:00 Debug: Notice (8): Undefined variable: paginator in [APP\views\users\search.ctp, line 6]
2009-12-09 23:23:58 Debug: Notice (8): Undefined variable: paginator in [APP\views\users\search.ctp, line 6]
2009-12-10 01:48:39 Debug: Notice (8): Undefined variable: paginator in [APP\views\users\search.ctp, line 6]
2009-12-10 01:51:40 Debug: Notice (8): Undefined variable: paginator in [APP\views\users\search.ctp, line 6]
2009-12-10 01:55:37 Debug: Notice (8): Undefined variable: paginator in [APP\views\users\search.ctp, line 6]
2009-12-10 02:04:21 Debug: Notice (8): Undefined variable: paginator in [APP\views\users\search.ctp, line 6]
2009-12-10 02:17:01 Debug: Notice (8): Undefined variable: paginator in [APP\views\users\search.ctp, line 6]
2009-12-10 02:17:24 Debug: Notice (8): Undefined variable: paginator in [APP\views\users\search.ctp, line 6]
2009-12-10 02:18:47 Debug: Notice (8): Undefined property: View::$paginator in [APP\views\users\search.ctp, line 6]
2009-12-10 02:19:00 Debug: Notice (8): Undefined property: View::$paginator in [APP\views\users\search.ctp, line 6]
2009-12-10 02:23:47 Debug: Notice (8): Undefined variable: paginator in [APP\views\users\search.ctp, line 8]
2009-12-10 02:29:13 Debug: Notice (8): Undefined variable: lang in [APP\views\users\search.ctp, line 7]
2009-12-10 02:31:16 Debug: Notice (8): Undefined variable: lang in [APP\views\users\search.ctp, line 7]
2009-12-10 02:31:44 Debug: Notice (8): Undefined variable: user in [APP\views\users\search.ctp, line 7]
2009-12-10 02:32:17 Debug: Notice (8): Undefined variable: users in [APP\views\users\search.ctp, line 7]
2009-12-10 02:32:17 Debug: Notice (8): Undefined variable: paginator in [APP\views\users\search.ctp, line 8]
2009-12-10 02:46:13 Debug: Notice (8): Undefined variable: users in [APP\views\users\search.ctp, line 7]
2009-12-10 02:46:13 Debug: Notice (8): Undefined variable: paginator in [APP\views\users\search.ctp, line 8]
2009-12-10 02:46:29 Debug: Notice (8): Undefined variable: users in [APP\views\users\search.ctp, line 7]
2009-12-10 02:46:29 Debug: Notice (8): Undefined variable: paginator in [APP\views\users\search.ctp, line 9]
2009-12-10 02:46:39 Debug: Notice (8): Undefined variable: paginator in [APP\views\users\search.ctp, line 9]
2009-12-10 02:49:13 Debug: Notice (8): Undefined variable: paginator in [APP\views\users\search.ctp, line 9]
2009-12-10 02:56:59 Debug: Notice (8): Array to string conversion in [CORE\cake\libs\router.php, line 954]
2009-12-10 02:58:37 Debug: Notice (8): Array to string conversion in [CORE\cake\libs\router.php, line 954]
2009-12-10 02:58:48 Debug: Notice (8): Array to string conversion in [CORE\cake\libs\router.php, line 954]
2009-12-10 02:59:39 Debug: Notice (8): Array to string conversion in [CORE\cake\libs\router.php, line 954]
2009-12-10 03:00:21 Debug: Notice (8): Array to string conversion in [CORE\cake\libs\router.php, line 954]
2009-12-10 03:00:31 Debug: Notice (8): Array to string conversion in [CORE\cake\libs\router.php, line 954]
2009-12-10 03:00:34 Debug: Notice (8): Undefined variable: paginator in [APP\views\users\search.ctp, line 15]
2009-12-10 03:00:41 Debug: Notice (8): Undefined variable: paginator in [APP\views\users\search.ctp, line 15]
2009-12-10 03:00:48 Debug: Notice (8): Array to string conversion in [CORE\cake\libs\router.php, line 954]
2009-12-10 03:01:46 Debug: Notice (8): Array to string conversion in [CORE\cake\libs\router.php, line 954]
2009-12-10 03:02:26 Debug: Notice (8): Array to string conversion in [CORE\cake\libs\router.php, line 954]
2009-12-10 03:02:57 Debug: Notice (8): Array to string conversion in [CORE\cake\libs\router.php, line 954]
2009-12-10 03:03:59 Debug: Notice (8): Undefined variable: paginator in [APP\views\users\search.ctp, line 14]
2009-12-10 03:14:52 Debug: Notice (8): Undefined variable: paginator in [APP\views\users\search.ctp, line 18]
2009-12-10 15:05:05 Debug: Notice (8): Undefined property: CountriesController::$countries in [APP\controllers\countries_controller.php, line 10]
2009-12-10 15:26:36 Debug: Notice (8): Undefined index:  City in [APP\controllers\countries_controller.php, line 29]
2009-12-10 15:26:36 Debug: Notice (8): Undefined variable: fp in [APP\controllers\countries_controller.php, line 42]
2009-12-10 15:27:17 Debug: Notice (8): Undefined variable: fp in [APP\controllers\countries_controller.php, line 42]
2009-12-10 15:38:49 Debug: Notice (8): Undefined variable: JavascriptHelper in [APP\views\pages\home.ctp, line 16]
2009-12-10 15:39:01 Debug: Notice (8): Undefined variable: Javascript in [APP\views\pages\home.ctp, line 16]
2009-12-10 15:39:31 Debug: Notice (8): Undefined variable: javascript in [APP\views\pages\home.ctp, line 16]
2009-12-10 15:43:05 Debug: Notice (8): Undefined variable: javascript in [APP\views\pages\home.ctp, line 2]
2009-12-10 15:45:58 Debug: Notice (8): Undefined variable: javascript in [APP\views\pages\home.ctp, line 2]
2009-12-10 15:48:26 Debug: Notice (8): Undefined variable: javascript in [APP\views\pages\home.ctp, line 3]
2009-12-10 18:45:24 Debug: Notice (8): Undefined variable: user in [APP\views\users\add.ctp, line 4]
2009-12-10 18:45:53 Debug: Notice (8): Undefined variable: data in [APP\views\users\add.ctp, line 4]
2009-12-10 18:47:01 Debug: Notice (8): Undefined index:  data in [APP\views\users\add.ctp, line 4]
2009-12-10 18:47:09 Debug: Notice (8): Undefined index:  data in [APP\views\users\add.ctp, line 4]
2009-12-13 16:04:03 Debug: Notice (8): Undefined property: AuthComponent::$user in [APP\controllers\users_controller.php, line 39]
2009-12-13 16:08:53 Debug: Notice (8): Undefined property: UsersController::$Group in [APP\controllers\users_controller.php, line 46]
2009-12-13 16:15:20 Debug: Notice (8): Undefined variable: user in [APP\views\users\view.ctp, line 6]
2009-12-13 16:15:20 Debug: Notice (8): Undefined variable: user in [APP\views\users\view.ctp, line 11]
2009-12-13 16:15:20 Debug: Notice (8): Undefined variable: user in [APP\views\users\view.ctp, line 16]
2009-12-13 16:15:20 Debug: Notice (8): Undefined variable: user in [APP\views\users\view.ctp, line 21]
2009-12-13 16:15:20 Debug: Notice (8): Undefined variable: user in [APP\views\users\view.ctp, line 26]
2009-12-13 16:15:20 Debug: Notice (8): Undefined variable: user in [APP\views\users\view.ctp, line 31]
2009-12-13 16:15:20 Debug: Notice (8): Undefined variable: user in [APP\views\users\view.ctp, line 36]
2009-12-13 16:15:20 Debug: Notice (8): Undefined variable: user in [APP\views\users\view.ctp, line 41]
2009-12-13 16:15:20 Debug: Notice (8): Undefined variable: user in [APP\views\users\view.ctp, line 46]
2009-12-13 16:15:20 Debug: Notice (8): Undefined variable: user in [APP\views\users\view.ctp, line 51]
2009-12-13 16:15:20 Debug: Notice (8): Undefined variable: user in [APP\views\users\view.ctp, line 56]
2009-12-13 16:15:20 Debug: Notice (8): Undefined variable: user in [APP\views\users\view.ctp, line 63]
2009-12-13 16:15:20 Debug: Notice (8): Undefined variable: user in [APP\views\users\view.ctp, line 64]
2009-12-13 19:04:03 Debug: Notice (8): Undefined index:  User in [APP\views\layouts\default.ctp, line 51]
2009-12-13 19:04:18 Debug: Notice (8): Undefined index:  User in [APP\views\layouts\default.ctp, line 52]
2009-12-13 21:33:53 Debug: Notice (8): Undefined variable: offer in [APP\views\users\add.ctp, line 24]
2009-12-13 21:33:53 Debug: Notice (8): Undefined variable: want in [APP\views\users\add.ctp, line 25]
2009-12-13 21:35:16 Debug: Notice (8): Undefined index:  id in [APP\controllers\users_controller.php, line 178]
2009-12-13 21:35:16 Debug: Notice (8): Undefined variable: offer in [APP\views\users\add.ctp, line 24]
2009-12-13 21:35:16 Debug: Notice (8): Undefined variable: want in [APP\views\users\add.ctp, line 25]
2009-12-13 21:35:27 Debug: Notice (8): Undefined index:  id in [APP\controllers\users_controller.php, line 178]
2009-12-13 21:35:27 Debug: Notice (8): Undefined variable: offer in [APP\views\users\add.ctp, line 24]
2009-12-13 21:35:27 Debug: Notice (8): Undefined variable: want in [APP\views\users\add.ctp, line 25]
2009-12-13 21:35:46 Debug: Notice (8): Undefined variable: offer in [APP\views\users\add.ctp, line 24]
2009-12-13 21:35:46 Debug: Notice (8): Undefined variable: want in [APP\views\users\add.ctp, line 25]
2009-12-13 23:01:24 Debug: Notice (8): Undefined variable: captcha_data in [APP\views\users\add.ctp, line 29]
2009-12-13 23:04:02 Debug: Notice (8): Undefined variable: captcha_form_url in [APP\views\users\check.ctp, line 1]
2009-12-13 23:04:02 Debug: Notice (8): Undefined variable: captcha_image_url in [APP\views\users\check.ctp, line 3]
2009-12-13 23:04:02 Debug: Notice (8): Undefined variable: error_captcha in [APP\views\users\check.ctp, line 6]
2009-12-13 23:04:02 Debug: Notice (8): Undefined variable: success_captcha in [APP\views\users\check.ctp, line 7]
2009-12-14 11:38:09 Debug: Notice (8): Undefined variable: language_opt in [APP\views\users\search.ctp, line 24]
2009-12-14 11:54:38 Debug: Notice (8): Undefined index:  language in [APP\controllers\users_controller.php, line 132]
2009-12-14 11:54:38 Debug: Notice (8): Undefined index:  country in [APP\controllers\users_controller.php, line 133]
2009-12-14 11:54:38 Debug: Notice (8): Undefined index:  city in [APP\controllers\users_controller.php, line 134]
2009-12-14 11:54:38 Debug: Notice (8): Undefined offset:  0 in [APP\views\users\search.ctp, line 33]
2009-12-14 11:54:38 Debug: Notice (8): Undefined offset:  0 in [APP\views\users\search.ctp, line 34]
2009-12-14 11:54:38 Debug: Notice (8): Undefined variable: paginator in [APP\views\users\search.ctp, line 38]
2009-12-14 11:58:46 Debug: Notice (8): Undefined offset:  0 in [APP\views\users\search.ctp, line 33]
2009-12-14 11:58:46 Debug: Notice (8): Undefined offset:  0 in [APP\views\users\search.ctp, line 34]
2009-12-14 11:59:10 Debug: Notice (8): Undefined offset:  0 in [APP\views\users\search.ctp, line 33]
2009-12-14 11:59:10 Debug: Notice (8): Undefined offset:  0 in [APP\views\users\search.ctp, line 34]
2009-12-14 11:59:29 Debug: Notice (8): Undefined offset:  0 in [APP\views\users\search.ctp, line 33]
2009-12-14 11:59:29 Debug: Notice (8): Undefined offset:  0 in [APP\views\users\search.ctp, line 34]
2009-12-14 11:59:36 Debug: Notice (8): Undefined offset:  0 in [APP\views\users\search.ctp, line 33]
2009-12-14 11:59:36 Debug: Notice (8): Undefined offset:  0 in [APP\views\users\search.ctp, line 34]
2009-12-14 12:00:06 Debug: Notice (8): Undefined offset:  0 in [APP\views\users\search.ctp, line 33]
2009-12-14 12:00:06 Debug: Notice (8): Undefined offset:  0 in [APP\views\users\search.ctp, line 34]
2009-12-14 12:00:06 Debug: Notice (8): Undefined variable: paginator in [APP\views\users\search.ctp, line 38]
2009-12-14 12:00:33 Debug: Notice (8): Undefined offset:  0 in [APP\views\users\search.ctp, line 33]
2009-12-14 12:00:33 Debug: Notice (8): Undefined offset:  0 in [APP\views\users\search.ctp, line 34]
2009-12-14 12:00:33 Debug: Notice (8): Undefined variable: paginator in [APP\views\users\search.ctp, line 38]
2009-12-14 12:00:39 Debug: Notice (8): Undefined offset:  0 in [APP\views\users\search.ctp, line 33]
2009-12-14 12:00:39 Debug: Notice (8): Undefined offset:  0 in [APP\views\users\search.ctp, line 34]
2009-12-14 12:00:39 Debug: Notice (8): Undefined variable: paginator in [APP\views\users\search.ctp, line 38]
2009-12-14 12:00:49 Debug: Notice (8): Undefined offset:  0 in [APP\views\users\search.ctp, line 33]
2009-12-14 12:00:49 Debug: Notice (8): Undefined offset:  0 in [APP\views\users\search.ctp, line 34]
2009-12-14 12:01:30 Debug: Notice (8): Undefined offset:  0 in [APP\views\users\search.ctp, line 34]
2009-12-14 12:01:30 Debug: Notice (8): Undefined offset:  0 in [APP\views\users\search.ctp, line 35]
2009-12-14 12:01:42 Debug: Notice (8): Undefined offset:  0 in [APP\views\users\search.ctp, line 35]
2009-12-14 12:01:42 Debug: Notice (8): Undefined offset:  0 in [APP\views\users\search.ctp, line 36]
2009-12-14 12:51:19 Debug: Notice (8): Undefined offset:  0 in [APP\views\users\search.ctp, line 42]
2009-12-14 12:51:19 Debug: Notice (8): Undefined offset:  0 in [APP\views\users\search.ctp, line 43]
2009-12-14 12:51:40 Debug: Notice (8): Undefined offset:  0 in [APP\views\users\search.ctp, line 43]
2009-12-14 12:51:40 Debug: Notice (8): Undefined offset:  0 in [APP\views\users\search.ctp, line 44]
2009-12-14 12:51:57 Debug: Notice (8): Undefined index:  language in [APP\views\users\search.ctp, line 33]
2009-12-14 12:51:57 Debug: Notice (8): Undefined index:  country in [APP\views\users\search.ctp, line 34]
2009-12-14 12:51:57 Debug: Notice (8): Undefined index:  city in [APP\views\users\search.ctp, line 35]
2009-12-14 13:43:48 Debug: Notice (8): Undefined variable: user in [APP\views\users\search.ctp, line 65]
2009-12-14 19:04:04 Debug: Notice (8): Undefined variable: text in [APP\views\users\view.ctp, line 37]
2009-12-14 19:04:04 Debug: Notice (8): Undefined variable: text in [APP\views\users\view.ctp, line 38]
2009-12-14 19:18:05 Debug: Notice (8): Undefined variable: offer in [APP\views\users\add.ctp, line 30]
2009-12-14 19:18:05 Debug: Notice (8): Undefined variable: want in [APP\views\users\add.ctp, line 31]
2009-12-14 19:30:04 Debug: Notice (8): Undefined variable: tmp in [APP\views\users\edit.ctp, line 21]
2009-12-15 10:47:04 Debug: Notice (8): Undefined variable: paginator in [APP\views\users\search.ctp, line 53]
2009-12-15 10:50:16 Debug: Notice (8): Undefined variable: users in [APP\views\users\search.ctp, line 58]
2009-12-15 11:05:04 Debug: Notice (8): Undefined variable: offer in [APP\views\users\edit.ctp, line 31]
2009-12-15 11:05:04 Debug: Notice (8): Undefined variable: want in [APP\views\users\edit.ctp, line 32]
2009-12-15 11:29:17 Debug: Notice (8): Array to string conversion in [APP\views\users\edit.ctp, line 14]
2009-12-15 11:41:45 Debug: Notice (8): Array to string conversion in [APP\views\users\edit.ctp, line 27]
2009-12-15 12:15:39 Debug: Notice (8): Undefined variable: isAdmin in [APP\controllers\users_controller.php, line 321]
2009-12-15 12:16:06 Debug: Notice (8): Undefined variable: isAdmin in [APP\controllers\users_controller.php, line 321]
2009-12-15 12:26:41 Debug: Notice (8): Undefined index:  Offer in [APP\views\users\edit.ctp, line 35]
2009-12-15 12:26:41 Debug: Notice (8): Undefined index:  Want in [APP\views\users\edit.ctp, line 36]
2009-12-15 12:28:18 Debug: Notice (8): Undefined index:  Offer in [APP\views\users\edit.ctp, line 35]
2009-12-15 12:28:18 Debug: Notice (8): Undefined index:  Want in [APP\views\users\edit.ctp, line 36]
2009-12-15 12:30:45 Debug: Notice (8): Undefined index:  id in [APP\controllers\users_controller.php, line 320]
2009-12-15 12:30:45 Debug: Notice (8): Undefined index:  Offer in [APP\views\users\edit.ctp, line 35]
2009-12-15 12:30:45 Debug: Notice (8): Undefined index:  Want in [APP\views\users\edit.ctp, line 36]
2009-12-15 12:31:08 Debug: Notice (8): Undefined index:  id in [APP\controllers\users_controller.php, line 321]
2009-12-15 12:31:08 Debug: Notice (8): Undefined index:  Offer in [APP\views\users\edit.ctp, line 35]
2009-12-15 12:31:08 Debug: Notice (8): Undefined index:  Want in [APP\views\users\edit.ctp, line 36]
2009-12-15 12:32:38 Debug: Notice (8): Undefined index:  Offer in [APP\views\users\edit.ctp, line 35]
2009-12-15 12:32:38 Debug: Notice (8): Undefined index:  Want in [APP\views\users\edit.ctp, line 36]
2009-12-16 11:50:27 Debug: Notice (8): Undefined variable: users in [APP\views\rus\users\search.ctp, line 58]
2009-12-16 11:55:10 Debug: Notice (8): Undefined variable: language_opt in [APP\views\users\home.ctp, line 46]
2009-12-16 13:08:54 Debug: Notice (8): Undefined variable: language in [APP\app_controller.php, line 21]
2009-12-16 13:50:26 Debug: Notice (8): Undefined variable: LanguageHelper in [APP\app_controller.php, line 20]
2009-12-16 13:51:55 Debug: Notice (8): Object of class UsersController to string conversion in [APP\app_controller.php, line 20]
2009-12-16 13:51:55 Debug: Notice (8): Undefined variable: Object in [APP\app_controller.php, line 20]
2009-12-16 13:51:55 Debug: Notice (8): Trying to get property of non-object in [APP\app_controller.php, line 20]
2009-12-16 13:52:07 Debug: Notice (8): Undefined property: LanguageHelperComponent::$Cookie in [APP\controllers\components\language_helper.php, line 14]
2009-12-16 13:52:42 Debug: Notice (8): Undefined variable: locale in [APP\app_controller.php, line 25]
2009-12-16 13:53:52 Debug: Notice (8): Undefined variable: locale in [APP\app_controller.php, line 25]
2009-12-16 13:54:14 Debug: Notice (8): Undefined property: LanguageHelperComponent::$Cookie in [APP\controllers\components\language_helper.php, line 12]
2009-12-16 13:54:38 Debug: Notice (8): Undefined variable: locale in [APP\app_controller.php, line 25]
2009-12-16 13:57:20 Debug: Notice (8): Undefined property: LanguageHelperComponent::$params in [APP\controllers\components\language_helper.php, line 11]
2009-12-16 14:12:07 Debug: Notice (8): Undefined property: View::$LanguageHelper in [APP\views\layouts\default.ctp, line 79]
2009-12-16 14:12:57 Debug: Notice (8): Undefined variable: LanguageHelper in [APP\views\layouts\default.ctp, line 79]
2009-12-16 14:13:04 Debug: Notice (8): Undefined variable: LanguageHelperComponent in [APP\views\layouts\default.ctp, line 79]
2009-12-16 14:14:31 Debug: Notice (8): Undefined variable: LanguageHelperComponent in [APP\views\layouts\default.ctp, line 81]
2009-12-16 17:03:32 Debug: Notice (8): Undefined variable: languageHelper in [APP\views\layouts\default.ctp, line 76]
2009-12-16 17:04:26 Debug: Notice (8): Undefined index:  name in [APP\controllers\languages_controller.php, line 36]
2009-12-16 17:04:26 Debug: Notice (8): Undefined variable: languageHelper in [APP\views\layouts\default.ctp, line 76]
2009-12-16 17:05:03 Debug: Notice (8): Undefined index:  name in [APP\controllers\languages_controller.php, line 37]
2009-12-16 17:05:03 Debug: Notice (8): Undefined variable: languageHelper in [APP\views\layouts\default.ctp, line 76]
2009-12-16 17:05:30 Debug: Notice (8): Undefined index:  name in [APP\controllers\languages_controller.php, line 38]
2009-12-16 17:05:30 Debug: Notice (8): Undefined variable: languageHelper in [APP\views\layouts\default.ctp, line 76]
2009-12-16 17:05:58 Debug: Notice (8): Undefined variable: languageHelper in [APP\views\layouts\default.ctp, line 76]
2009-12-16 17:06:36 Debug: Notice (8): Undefined variable: languageHelper in [APP\views\layouts\default.ctp, line 76]
2009-12-16 17:15:44 Debug: Notice (8): Undefined variable: languageHelper in [APP\views\layouts\default.ctp, line 76]
2009-12-16 17:16:09 Debug: Notice (8): Undefined variable: languageHelper in [APP\views\layouts\default.ctp, line 76]
2009-12-16 17:26:43 Debug: Notice (8): Undefined variable: max in [CORE\cake\libs\validation.php, line 599]
2009-12-16 17:50:25 Debug: Notice (8): Undefined variable: languageHelper in [APP\views\layouts\default.ctp, line 76]
2009-12-16 17:50:33 Debug: Notice (8): Undefined variable: languageHelper in [APP\views\layouts\default.ctp, line 76]
2009-12-16 18:01:12 Debug: Notice (8): Undefined variable: languageHelper in [APP\views\layouts\default.ctp, line 76]
2009-12-20 12:14:44 Debug: Notice (8): Undefined variable: session in [APP\views\helpers\mailto.php, line 8]
2009-12-20 12:15:39 Debug: Notice (8): Undefined variable: session in [APP\views\helpers\mailto.php, line 10]
2009-12-20 12:20:38 Debug: Notice (8): Undefined index:  Offer in [APP\views\users\view.ctp, line 64]
2009-12-20 12:20:38 Debug: Notice (8): Undefined index:  Want in [APP\views\users\view.ctp, line 79]
2009-12-20 12:21:55 Debug: Notice (8): Undefined variable: offer in [APP\views\users\view.ctp, line 8]
2009-12-20 12:21:55 Debug: Notice (8): Undefined index:  Offer in [APP\views\users\view.ctp, line 65]
2009-12-20 12:21:55 Debug: Notice (8): Undefined index:  Want in [APP\views\users\view.ctp, line 80]
2009-12-20 12:22:07 Debug: Notice (8): Undefined index:  Offer in [APP\views\users\view.ctp, line 65]
2009-12-20 12:22:07 Debug: Notice (8): Undefined index:  Want in [APP\views\users\view.ctp, line 80]
2009-12-20 12:22:40 Debug: Notice (8): Undefined index:  Offer in [APP\views\users\view.ctp, line 65]
2009-12-20 12:22:40 Debug: Notice (8): Undefined index:  Want in [APP\views\users\view.ctp, line 80]
2009-12-20 12:22:52 Debug: Notice (8): Undefined index:  Offer in [APP\views\users\view.ctp, line 65]
2009-12-20 12:22:52 Debug: Notice (8): Undefined index:  Want in [APP\views\users\view.ctp, line 80]
2009-12-20 12:38:47 Debug: Notice (8): Undefined variable: languageHelper in [APP\views\layouts\default.ctp, line 82]
2009-12-20 13:00:08 Debug: Notice (8): Undefined variable: languageHelper in [APP\views\layouts\default.ctp, line 92]
2009-12-20 13:00:09 Debug: Notice (8): Undefined variable: languageHelper in [APP\views\layouts\default.ctp, line 92]
2009-12-20 13:00:09 Debug: Notice (8): Undefined variable: languageHelper in [APP\views\layouts\default.ctp, line 92]
2009-12-20 13:00:09 Debug: Notice (8): Undefined variable: languageHelper in [APP\views\layouts\default.ctp, line 92]
2009-12-20 13:00:09 Debug: Notice (8): Undefined variable: languageHelper in [APP\views\layouts\default.ctp, line 92]
2009-12-20 13:00:10 Debug: Notice (8): Undefined variable: languageHelper in [APP\views\layouts\default.ctp, line 92]
2009-12-20 13:00:10 Debug: Notice (8): Undefined variable: languageHelper in [APP\views\layouts\default.ctp, line 92]
2009-12-20 13:03:46 Debug: Notice (8): Undefined variable: languageHelper in [APP\views\layouts\default.ctp, line 91]
2009-12-20 13:03:47 Debug: Notice (8): Undefined variable: languageHelper in [APP\views\layouts\default.ctp, line 91]
2009-12-20 13:03:47 Debug: Notice (8): Undefined variable: languageHelper in [APP\views\layouts\default.ctp, line 91]
2009-12-20 13:03:47 Debug: Notice (8): Undefined variable: languageHelper in [APP\views\layouts\default.ctp, line 91]
2009-12-20 13:03:47 Debug: Notice (8): Undefined variable: languageHelper in [APP\views\layouts\default.ctp, line 91]
2009-12-20 13:03:49 Debug: Notice (8): Undefined variable: languageHelper in [APP\views\layouts\default.ctp, line 91]
2009-12-20 13:03:52 Debug: Notice (8): Undefined variable: languageHelper in [APP\views\layouts\default.ctp, line 91]
2009-12-20 13:04:22 Debug: Notice (8): Undefined variable: languageHelper in [APP\views\layouts\default.ctp, line 91]
2009-12-20 13:04:22 Debug: Notice (8): Undefined variable: languageHelper in [APP\views\layouts\default.ctp, line 91]
2009-12-20 13:04:22 Debug: Notice (8): Undefined variable: languageHelper in [APP\views\layouts\default.ctp, line 91]
2009-12-20 13:04:22 Debug: Notice (8): Undefined variable: languageHelper in [APP\views\layouts\default.ctp, line 91]
2009-12-20 13:04:22 Debug: Notice (8): Undefined variable: languageHelper in [APP\views\layouts\default.ctp, line 91]
2009-12-20 13:04:23 Debug: Notice (8): Undefined variable: languageHelper in [APP\views\layouts\default.ctp, line 91]
2009-12-20 13:04:23 Debug: Notice (8): Undefined variable: languageHelper in [APP\views\layouts\default.ctp, line 91]
2009-12-20 13:04:47 Debug: Notice (8): Undefined variable: languageHelper in [APP\views\layouts\default.ctp, line 91]
2009-12-20 13:04:48 Debug: Notice (8): Undefined variable: languageHelper in [APP\views\layouts\default.ctp, line 91]
2009-12-20 13:04:48 Debug: Notice (8): Undefined variable: languageHelper in [APP\views\layouts\default.ctp, line 91]
2009-12-20 13:04:48 Debug: Notice (8): Undefined variable: languageHelper in [APP\views\layouts\default.ctp, line 91]
2009-12-20 13:04:48 Debug: Notice (8): Undefined variable: languageHelper in [APP\views\layouts\default.ctp, line 91]
2009-12-20 13:05:21 Debug: Notice (8): Undefined variable: languageHelper in [APP\views\layouts\default.ctp, line 91]
2009-12-20 13:05:21 Debug: Notice (8): Undefined variable: languageHelper in [APP\views\layouts\default.ctp, line 91]
2009-12-20 13:07:45 Debug: Notice (8): Undefined variable: languageHelper in [APP\views\layouts\default.ctp, line 91]
2009-12-20 13:07:45 Debug: Notice (8): Undefined variable: languageHelper in [APP\views\layouts\default.ctp, line 91]
2009-12-20 13:07:47 Debug: Notice (8): Undefined variable: languageHelper in [APP\views\layouts\default.ctp, line 91]
2009-12-20 13:07:47 Debug: Notice (8): Undefined variable: languageHelper in [APP\views\layouts\default.ctp, line 91]
2009-12-20 15:37:23 Debug: Notice (8): Undefined variable: languageHelper in [APP\views\layouts\default.ctp, line 80]
2009-12-20 15:41:22 Debug: Notice (8): Undefined variable: languageHelper in [APP\views\layouts\default.ctp, line 80]
2009-12-20 15:41:35 Debug: Notice (8): Undefined variable: languageHelper in [APP\views\layouts\default.ctp, line 80]
2009-12-20 15:41:37 Debug: Notice (8): Undefined variable: languageHelper in [APP\views\layouts\default.ctp, line 80]
2009-12-20 15:41:43 Debug: Notice (8): Undefined variable: languageHelper in [APP\views\layouts\default.ctp, line 80]
2009-12-20 16:59:54 Debug: Notice (8): Undefined variable: errors in [APP\views\users\add.ctp, line 19]
2009-12-20 17:00:41 Debug: Notice (8): Undefined variable: languageHelper in [APP\views\layouts\default.ctp, line 80]
2009-12-20 17:01:19 Debug: Notice (8): Undefined variable: languageHelper in [APP\views\layouts\default.ctp, line 80]
2009-12-20 17:04:33 Debug: Notice (8): Undefined variable: languageHelper in [APP\views\layouts\default.ctp, line 80]
2009-12-20 17:05:00 Debug: Notice (8): Undefined variable: languageHelper in [APP\views\layouts\default.ctp, line 80]
2009-12-20 17:06:24 Debug: Notice (8): Undefined variable: languageHelper in [APP\views\layouts\default.ctp, line 80]
2009-12-20 17:10:16 Debug: Notice (8): Undefined variable: languageHelper in [APP\views\layouts\default.ctp, line 80]
2009-12-20 17:10:56 Debug: Notice (8): Undefined variable: def_redirect in [APP\controllers\users_controller.php, line 293]
2009-12-20 18:12:30 Debug: Notice (8): Undefined variable: languageHelper in [APP\views\layouts\default.ctp, line 80]
2009-12-20 18:12:33 Debug: Notice (8): Undefined variable: languageHelper in [APP\views\layouts\default.ctp, line 80]
2009-12-20 18:13:02 Debug: Notice (8): Undefined variable: languageHelper in [APP\views\layouts\default.ctp, line 80]
2009-12-20 18:13:30 Debug: Notice (8): Undefined variable: languageHelper in [APP\views\layouts\default.ctp, line 80]
2009-12-20 18:14:34 Debug: Notice (8): Undefined variable: languageHelper in [APP\views\layouts\default.ctp, line 80]
2009-12-20 18:20:20 Debug: Notice (8): Undefined variable: languageHelper in [APP\views\layouts\default.ctp, line 80]
2009-12-20 18:21:02 Debug: Notice (8): Undefined variable: languageHelper in [APP\views\layouts\default.ctp, line 80]
2009-12-20 18:55:00 Debug: Notice (8): Undefined variable: table in [APP\models\user.php, line 9]
2009-12-20 18:55:00 Debug: Notice (8): Undefined variable: ds in [APP\models\user.php, line 9]
2009-12-20 18:55:00 Debug: Notice (8): Undefined variable: languageHelper in [APP\views\layouts\default.ctp, line 80]
2009-12-20 19:01:55 Debug: Notice (8): Undefined variable: languageHelper in [APP\views\layouts\default.ctp, line 80]
2009-12-20 19:02:27 Debug: Notice (8): Undefined variable: languageHelper in [APP\views\layouts\default.ctp, line 80]
2009-12-20 19:02:30 Debug: Notice (8): Undefined variable: languageHelper in [APP\views\layouts\default.ctp, line 80]
2009-12-20 19:02:49 Debug: Notice (8): Undefined variable: languageHelper in [APP\views\layouts\default.ctp, line 80]
2009-12-20 19:02:55 Debug: Notice (8): Undefined variable: languageHelper in [APP\views\layouts\default.ctp, line 80]
2009-12-20 19:03:43 Debug: Notice (8): Undefined variable: languageHelper in [APP\views\layouts\default.ctp, line 80]
2009-12-20 19:03:47 Debug: Notice (8): Undefined variable: languageHelper in [APP\views\layouts\default.ctp, line 80]
2009-12-20 19:03:53 Debug: Notice (8): Undefined variable: languageHelper in [APP\views\layouts\default.ctp, line 80]
2009-12-20 19:03:55 Debug: Notice (8): Undefined variable: languageHelper in [APP\views\layouts\default.ctp, line 80]
2009-12-20 19:03:58 Debug: Notice (8): Undefined variable: languageHelper in [APP\views\layouts\default.ctp, line 80]
2009-12-20 19:03:59 Debug: Notice (8): Undefined variable: languageHelper in [APP\views\layouts\default.ctp, line 80]
2009-12-20 19:04:18 Debug: Notice (8): Undefined variable: languageHelper in [APP\views\layouts\default.ctp, line 80]
2009-12-20 19:04:47 Debug: Notice (8): Undefined variable: languageHelper in [APP\views\layouts\default.ctp, line 80]
2009-12-20 19:04:49 Debug: Notice (8): Undefined variable: languageHelper in [APP\views\layouts\default.ctp, line 80]
2009-12-20 19:04:58 Debug: Notice (8): Undefined variable: languageHelper in [APP\views\layouts\default.ctp, line 80]
2009-12-20 19:05:12 Debug: Notice (8): Undefined variable: languageHelper in [APP\views\layouts\default.ctp, line 80]
2009-12-20 19:06:53 Debug: Notice (8): Undefined variable: languageHelper in [APP\views\layouts\default.ctp, line 80]
2009-12-20 19:07:18 Debug: Notice (8): Undefined variable: languageHelper in [APP\views\layouts\default.ctp, line 80]
2009-12-20 19:09:13 Debug: Notice (8): Undefined property: View::$languageHelper in [APP\views\layouts\default.ctp, line 80]
2009-12-20 19:09:14 Debug: Notice (8): Undefined property: View::$languageHelper in [APP\views\layouts\default.ctp, line 80]
2009-12-20 19:10:54 Debug: Notice (8): Undefined variable: languageHelper in [APP\views\layouts\default.ctp, line 80]
2009-12-20 19:10:54 Debug: Notice (8): Undefined variable: languageHelper in [APP\views\layouts\default.ctp, line 81]
2009-12-20 19:11:52 Debug: Notice (8): Undefined variable: languageHelper in [APP\views\layouts\default.ctp, line 80]
2009-12-20 19:11:55 Debug: Notice (8): Undefined variable: languageHelper in [APP\views\layouts\default.ctp, line 80]
2009-12-20 19:12:03 Debug: Notice (8): Undefined variable: languageHelper in [APP\views\layouts\default.ctp, line 80]
2009-12-20 19:12:07 Debug: Notice (8): Undefined variable: languageHelper in [APP\views\layouts\default.ctp, line 80]
2009-12-20 19:13:49 Debug: Notice (8): Undefined variable: languageHelper in [APP\views\layouts\default.ctp, line 80]
2009-12-20 19:14:21 Debug: Notice (8): Undefined variable: languageHelper in [APP\views\layouts\default.ctp, line 80]
2009-12-20 19:15:46 Debug: Notice (8): Undefined variable: languageHelper in [APP\views\layouts\default.ctp, line 80]
2009-12-20 19:17:46 Debug: Notice (8): Undefined variable: languageHelper in [APP\views\layouts\default.ctp, line 80]
2009-12-20 19:17:55 Debug: Notice (8): Undefined variable: languageHelper in [APP\views\layouts\default.ctp, line 80]
2009-12-20 19:17:59 Debug: Notice (8): Undefined variable: languageHelper in [APP\views\layouts\default.ctp, line 80]
2009-12-20 19:18:03 Debug: Notice (8): Undefined variable: languageHelper in [APP\views\layouts\default.ctp, line 80]
2009-12-20 19:18:07 Debug: Notice (8): Undefined variable: languageHelper in [APP\views\layouts\default.ctp, line 80]
2009-12-20 19:18:23 Debug: Notice (8): Undefined variable: languageHelper in [APP\views\layouts\default.ctp, line 80]
2009-12-20 19:18:38 Debug: Notice (8): Undefined variable: languageHelper in [APP\views\layouts\default.ctp, line 80]
2009-12-20 19:19:41 Debug: Notice (8): Undefined variable: languageHelper in [APP\views\layouts\default.ctp, line 80]
2009-12-20 19:19:45 Debug: Notice (8): Undefined variable: languageHelper in [APP\views\layouts\default.ctp, line 80]
2009-12-20 19:20:22 Debug: Notice (8): Undefined variable: languageHelper in [APP\views\layouts\default.ctp, line 80]
2009-12-20 19:20:27 Debug: Notice (8): Undefined variable: languageHelper in [APP\views\layouts\default.ctp, line 80]
2009-12-20 19:20:29 Debug: Notice (8): Undefined variable: languageHelper in [APP\views\layouts\default.ctp, line 80]
2009-12-20 19:22:28 Debug: Notice (8): Undefined variable: languageHelper in [APP\views\layouts\default.ctp, line 80]
2009-12-20 19:22:32 Debug: Notice (8): Undefined variable: languageHelper in [APP\views\layouts\default.ctp, line 80]
2009-12-20 19:22:36 Debug: Notice (8): Undefined variable: languageHelper in [APP\views\layouts\default.ctp, line 80]
2009-12-20 22:38:25 Debug: Notice (8): Undefined variable: languageHelper in [APP\views\layouts\default.ctp, line 80]
2009-12-20 22:38:30 Debug: Notice (8): Undefined variable: languageHelper in [APP\views\layouts\default.ctp, line 80]
2009-12-21 12:30:26 Debug: Notice (8): Undefined variable: languageHelper in [APP\views\layouts\default.ctp, line 82]
2009-12-21 12:31:01 Debug: Notice (8): Undefined variable: languageHelper in [APP\views\layouts\default.ctp, line 82]
2009-12-21 12:31:25 Debug: Notice (8): Undefined variable: languageHelper in [APP\views\layouts\default.ctp, line 82]
2009-12-21 12:34:34 Debug: Notice (8): Undefined variable: languageHelper in [APP\views\layouts\default.ctp, line 82]
2009-12-21 12:34:55 Debug: Notice (8): Undefined variable: languageHelper in [APP\views\layouts\default.ctp, line 82]
2009-12-21 13:32:56 Debug: Notice (8): Undefined variable: languageHelper in [APP\views\layouts\default.ctp, line 82]
2009-12-21 15:03:03 Debug: Notice (8): Undefined variable: languageHelper in [APP\views\layouts\default.ctp, line 83]
2009-12-21 15:06:08 Debug: Notice (8): Undefined variable: languageHelper in [APP\views\layouts\default.ctp, line 84]
2009-12-21 16:00:01 Debug: Notice (8): Undefined variable: languageHelper in [APP\views\layouts\default.ctp, line 84]
2009-12-21 16:01:36 Debug: Notice (8): Undefined variable: languageHelper in [APP\views\layouts\default.ctp, line 84]
2009-12-21 17:26:43 Debug: Notice (8): Undefined variable: languageHelper in [APP\views\layouts\default.ctp, line 84]
2009-12-21 17:54:20 Debug: Notice (8): Undefined variable: langauge in [APP\views\helpers\multicheckbox.php, line 14]
2009-12-21 22:27:17 Debug: Notice (8): Undefined variable: languageHelper in [APP\views\layouts\default.ctp, line 84]
2009-12-21 22:39:09 Debug: Notice (8): Undefined variable: languageHelper in [APP\views\layouts\default.ctp, line 84]
2009-12-21 22:39:34 Debug: Notice (8): Undefined variable: languageHelper in [APP\views\layouts\default.ctp, line 84]
2009-12-21 22:40:02 Debug: Notice (8): Undefined variable: languageHelper in [APP\views\layouts\default.ctp, line 84]
2009-12-21 22:40:10 Debug: Notice (8): Undefined variable: languageHelper in [APP\views\layouts\default.ctp, line 84]
2009-12-21 22:43:24 Debug: Notice (8): Undefined variable: languageHelper in [APP\views\layouts\default.ctp, line 84]
2009-12-21 22:43:32 Debug: Notice (8): Undefined variable: languageHelper in [APP\views\layouts\default.ctp, line 84]
2009-12-21 22:43:39 Debug: Notice (8): Undefined variable: languageHelper in [APP\views\layouts\default.ctp, line 84]
2009-12-21 22:43:49 Debug: Notice (8): Undefined variable: languageHelper in [APP\views\layouts\default.ctp, line 84]
2009-12-21 22:43:53 Debug: Notice (8): Undefined variable: languageHelper in [APP\views\layouts\default.ctp, line 84]
2009-12-21 22:47:48 Debug: Notice (8): Undefined variable: languageHelper in [APP\views\layouts\default.ctp, line 84]
2009-12-21 22:50:17 Debug: Notice (8): Undefined variable: languageHelper in [APP\views\layouts\default.ctp, line 84]
2009-12-21 22:50:24 Debug: Notice (8): Undefined variable: languageHelper in [APP\views\layouts\default.ctp, line 84]
2009-12-21 22:50:35 Debug: Notice (8): Undefined variable: languageHelper in [APP\views\layouts\default.ctp, line 84]
2009-12-21 22:50:39 Debug: Notice (8): Undefined variable: languageHelper in [APP\views\layouts\default.ctp, line 84]
2009-12-21 22:51:13 Debug: Notice (8): Undefined variable: languageHelper in [APP\views\layouts\default.ctp, line 84]
2009-12-21 22:51:27 Debug: Notice (8): Undefined variable: languageHelper in [APP\views\layouts\default.ctp, line 84]
2009-12-21 22:52:02 Debug: Notice (8): Undefined variable: languageHelper in [APP\views\layouts\default.ctp, line 84]
2009-12-21 23:01:40 Debug: Notice (8): Undefined variable: languageHelper in [APP\views\layouts\default.ctp, line 84]
2009-12-21 23:07:32 Debug: Notice (8): Undefined variable: languageHelper in [APP\views\layouts\default.ctp, line 84]
2009-12-21 23:07:32 Debug: Notice (8): Undefined variable: languageHelper in [APP\views\layouts\default.ctp, line 84]
2009-12-21 23:11:49 Debug: Notice (8): Undefined variable: languageHelper in [APP\views\layouts\default.ctp, line 84]
2009-12-21 23:13:51 Debug: Notice (8): Undefined variable: languageHelper in [APP\views\layouts\default.ctp, line 84]
2009-12-21 23:15:31 Debug: Notice (8): Undefined variable: languageHelper in [APP\views\layouts\default.ctp, line 84]
2009-12-21 23:15:51 Debug: Notice (8): Undefined variable: languageHelper in [APP\views\layouts\default.ctp, line 84]
2009-12-21 23:15:59 Debug: Notice (8): Undefined variable: languageHelper in [APP\views\layouts\default.ctp, line 84]
2009-12-21 23:16:01 Debug: Notice (8): Undefined variable: languageHelper in [APP\views\layouts\default.ctp, line 84]
2009-12-21 23:16:06 Debug: Notice (8): Undefined variable: languageHelper in [APP\views\layouts\default.ctp, line 84]
2009-12-21 23:19:55 Debug: Notice (8): Undefined variable: languageHelper in [APP\views\layouts\default.ctp, line 84]
2009-12-21 23:20:38 Debug: Notice (8): Undefined variable: languageHelper in [APP\views\layouts\default.ctp, line 84]
2009-12-21 23:20:43 Debug: Notice (8): Undefined variable: languageHelper in [APP\views\layouts\default.ctp, line 84]
2009-12-21 23:22:25 Debug: Notice (8): Undefined variable: languageHelper in [APP\views\layouts\default.ctp, line 84]
2009-12-21 23:22:30 Debug: Notice (8): Undefined variable: languageHelper in [APP\views\layouts\default.ctp, line 84]
2009-12-21 23:27:14 Debug: Notice (8): Undefined variable: languageHelper in [APP\views\layouts\default.ctp, line 84]
2009-12-21 23:37:26 Debug: Notice (8): Undefined variable: languageHelper in [APP\views\layouts\default.ctp, line 84]
2009-12-21 23:37:30 Debug: Notice (8): Undefined variable: languageHelper in [APP\views\layouts\default.ctp, line 84]
2009-12-21 23:37:57 Debug: Notice (8): Undefined variable: languageHelper in [APP\views\layouts\default.ctp, line 84]
2009-12-21 23:38:02 Debug: Notice (8): Undefined variable: languageHelper in [APP\views\layouts\default.ctp, line 84]
2009-12-21 23:38:09 Debug: Notice (8): Undefined variable: languageHelper in [APP\views\layouts\default.ctp, line 84]
2009-12-21 23:38:11 Debug: Notice (8): Undefined variable: languageHelper in [APP\views\layouts\default.ctp, line 84]
2009-12-21 23:38:57 Debug: Notice (8): Undefined variable: languageHelper in [APP\views\layouts\default.ctp, line 84]
2009-12-21 23:39:12 Debug: Notice (8): Undefined variable: languageHelper in [APP\views\layouts\default.ctp, line 84]
2009-12-21 23:39:29 Debug: Notice (8): Undefined variable: languageHelper in [APP\views\layouts\default.ctp, line 84]
2009-12-21 23:39:39 Debug: Notice (8): Undefined variable: languageHelper in [APP\views\layouts\default.ctp, line 84]
2009-12-22 10:48:37 Debug: Notice (8): Undefined variable: languageHelper in [APP\views\layouts\default.ctp, line 84]
2009-12-22 10:50:31 Debug: Notice (8): Undefined variable: languageHelper in [APP\views\layouts\default.ctp, line 84]
2009-12-22 11:56:19 Debug: Notice (8): Undefined variable: languageHelper in [APP\views\layouts\default.ctp, line 84]
2009-12-22 12:07:48 Debug: Notice (8): Undefined variable: languageHelper in [APP\views\layouts\default.ctp, line 84]
2009-12-22 12:08:36 Debug: Notice (8): Undefined variable: languageHelper in [APP\views\layouts\default.ctp, line 84]
2009-12-22 12:23:29 Debug: Notice (8): Undefined variable: languageHelper in [APP\views\layouts\default.ctp, line 84]
2009-12-22 12:27:42 Debug: Notice (8): Undefined variable: languageHelper in [APP\views\layouts\default.ctp, line 84]
2009-12-22 12:28:42 Debug: Notice (8): Undefined variable: languageHelper in [APP\views\layouts\default.ctp, line 84]
2009-12-22 12:37:23 Debug: Notice (8): Undefined variable: languageHelper in [APP\views\layouts\default.ctp, line 84]
2009-12-22 12:53:22 Debug: Notice (8): Undefined variable: languageHelper in [APP\views\layouts\default.ctp, line 84]
2009-12-22 12:53:44 Debug: Notice (8): Undefined variable: languageHelper in [APP\views\layouts\default.ctp, line 84]
2009-12-22 12:54:11 Debug: Notice (8): Undefined variable: languageHelper in [APP\views\layouts\default.ctp, line 84]
2009-12-22 13:10:13 Debug: Notice (8): Undefined property: UsersController::$SwiftMailer in [APP\controllers\users_controller.php, line 472]
2009-12-22 13:11:03 Debug: Notice (8): Use of undefined constant name - assumed 'name' in [APP\controllers\components\mailer.php, line 34]
2009-12-22 14:02:05 Debug: Notice (8): Undefined variable: languageHelper in [APP\views\layouts\default.ctp, line 84]
2009-12-22 14:02:59 Debug: Notice (8): Undefined variable: languageHelper in [APP\views\layouts\default.ctp, line 84]
2009-12-22 14:09:43 Debug: Notice (8): Undefined offset:  0 in [APP\models\user.php, line 151]
2009-12-22 14:14:06 Debug: Notice (8): Undefined variable: languageHelper in [APP\views\layouts\default.ctp, line 84]
2009-12-22 14:14:18 Debug: Notice (8): Undefined variable: languageHelper in [APP\views\layouts\default.ctp, line 84]
2009-12-22 14:15:00 Debug: Notice (8): Undefined variable: languageHelper in [APP\views\layouts\default.ctp, line 84]
2009-12-22 14:15:25 Debug: Notice (8): Undefined offset:  0 in [APP\models\user.php, line 151]
2009-12-22 14:19:23 Debug: Notice (8): Undefined index:  password in [APP\controllers\users_controller.php, line 484]
2009-12-22 14:22:36 Debug: Notice (8): Undefined variable: languageHelper in [APP\views\layouts\default.ctp, line 84]
2009-12-22 14:22:45 Debug: Notice (8): Undefined index:  Offer in [APP\views\users\edit.ctp, line 37]
2009-12-22 14:22:45 Debug: Notice (8): Undefined index:  Want in [APP\views\users\edit.ctp, line 38]
2009-12-22 14:22:45 Debug: Notice (8): Undefined index:  country_id in [APP\views\users\edit.ctp, line 99]
2009-12-22 14:22:45 Debug: Notice (8): Undefined index:  city_id in [APP\views\users\edit.ctp, line 100]
2009-12-22 14:22:46 Debug: Notice (8): Undefined variable: languageHelper in [APP\views\layouts\default.ctp, line 84]
2009-12-22 14:24:34 Debug: Notice (8): Undefined variable: languageHelper in [APP\views\layouts\default.ctp, line 84]
2009-12-22 14:25:37 Debug: Notice (8): Undefined variable: languageHelper in [APP\views\layouts\default.ctp, line 84]
2009-12-22 14:28:38 Debug: Notice (8): Undefined variable: languageHelper in [APP\views\layouts\default.ctp, line 84]
2009-12-22 14:30:44 Debug: Notice (8): Undefined variable: languageHelper in [APP\views\layouts\default.ctp, line 84]
2009-12-22 14:35:01 Debug: Notice (8): Undefined variable: languageHelper in [APP\views\layouts\default.ctp, line 84]
2009-12-22 14:35:54 Debug: Notice (8): Undefined variable: languageHelper in [APP\views\layouts\default.ctp, line 84]
2009-12-22 14:35:55 Debug: Notice (8): Undefined variable: languageHelper in [APP\views\layouts\default.ctp, line 84]
2009-12-22 14:51:18 Debug: Notice (8): Undefined variable: languageHelper in [APP\views\layouts\default.ctp, line 84]
2009-12-22 14:54:20 Debug: Notice (8): Undefined variable: languageHelper in [APP\views\layouts\default.ctp, line 84]
2009-12-22 14:55:36 Debug: Notice (8): Undefined variable: languageHelper in [APP\views\layouts\default.ctp, line 84]
2009-12-22 14:59:31 Debug: Notice (8): Undefined variable: languageHelper in [APP\views\layouts\default.ctp, line 84]
2009-12-22 14:59:33 Debug: Notice (8): Undefined variable: languageHelper in [APP\views\layouts\default.ctp, line 84]
2009-12-22 15:00:31 Debug: Notice (8): Undefined variable: languageHelper in [APP\views\layouts\default.ctp, line 84]
2009-12-22 15:00:42 Debug: Notice (8): Undefined variable: languageHelper in [APP\views\layouts\default.ctp, line 84]
2009-12-22 15:04:34 Debug: Notice (8): Undefined offset:  0 in [APP\models\user.php, line 151]
2009-12-22 15:04:34 Debug: Notice (8): Undefined offset:  0 in [APP\models\user.php, line 152]
2009-12-22 15:16:45 Debug: Notice (8): Undefined variable: languageHelper in [APP\views\layouts\default.ctp, line 84]
2009-12-22 15:16:55 Debug: Notice (8): Undefined variable: languageHelper in [APP\views\layouts\default.ctp, line 84]
2009-12-29 17:50:28 Debug: Notice (8): Undefined variable: languageHelper in [APP\views\layouts\default.ctp, line 84]
2010-01-04 16:47:22 Debug: Notice (8): Undefined index:  group_id in [APP\models\user.php, line 127]
2010-01-04 16:47:48 Debug: Notice (8): Undefined index:  group_id in [APP\models\user.php, line 127]
2010-01-04 16:48:12 Debug: Notice (8): Undefined index:  group_id in [APP\models\user.php, line 127]
2010-01-04 16:48:35 Debug: Notice (8): Undefined index:  group_id in [APP\models\user.php, line 127]
2010-01-04 16:49:59 Debug: Notice (8): Undefined index:  group_id in [APP\models\user.php, line 127]
2010-01-04 16:51:45 Debug: Notice (8): Undefined index:  group_id in [APP\models\user.php, line 127]
2010-01-05 11:46:06 Debug: Notice (8): Undefined variable: ar in [APP\views\helpers\multicheckbox.php, line 23]
2010-01-05 12:18:52 Debug: Notice (8): Undefined index:  level in [APP\views\users\view.ctp, line 81]
2010-01-05 13:34:35 Debug: Notice (8): Undefined variable: level_selected in [APP\views\helpers\multicheckbox.php, line 78]
2010-01-05 13:56:40 Debug: Notice (8): Undefined variable: offer_level in [APP\controllers\users_controller.php, line 272]
2010-01-05 14:06:05 Debug: Notice (8): Undefined index:  group_id in [APP\models\user.php, line 132]
2010-01-05 14:20:56 Debug: Notice (8): Undefined variable: offer_selected in [APP\views\users\edit.ctp, line 49]
2010-01-05 14:34:03 Debug: Notice (8): Use of undefined constant user_id - assumed 'user_id' in [APP\controllers\users_controller.php, line 390]
2010-01-05 14:56:05 Debug: Notice (8): Undefined index:  group_id in [APP\models\user.php, line 132]
2010-01-05 14:58:44 Debug: Notice (8): Undefined index:  group_id in [APP\models\user.php, line 132]
2010-01-05 15:12:16 Debug: Notice (8): Undefined variable: languageHelper in [APP\views\layouts\default.ctp, line 93]
2010-01-05 15:28:07 Debug: Notice (8): Undefined variable: languageHelper in [APP\views\layouts\default.ctp, line 93]
2010-01-05 15:29:18 Debug: Notice (8): Undefined variable: languageHelper in [APP\views\layouts\default.ctp, line 93]
2010-01-05 15:29:49 Debug: Notice (8): Undefined variable: languageHelper in [APP\views\layouts\default.ctp, line 93]
2010-01-05 15:30:12 Debug: Notice (8): Undefined variable: languageHelper in [APP\views\layouts\default.ctp, line 93]
2010-01-05 15:30:26 Debug: Notice (8): Undefined variable: languageHelper in [APP\views\layouts\default.ctp, line 93]
2010-01-05 15:33:47 Debug: Notice (8): Undefined variable: languageHelper in [APP\views\layouts\default.ctp, line 93]
2010-01-05 15:34:19 Debug: Notice (8): Undefined variable: languageHelper in [APP\views\layouts\default.ctp, line 93]
2010-01-05 15:34:26 Debug: Notice (8): Undefined variable: languageHelper in [APP\views\layouts\default.ctp, line 93]
2010-01-05 15:35:31 Debug: Notice (8): Undefined variable: languageHelper in [APP\views\layouts\default.ctp, line 93]
2010-01-05 15:36:41 Debug: Notice (8): Undefined variable: languageHelper in [APP\views\layouts\default.ctp, line 93]
2010-01-05 15:37:06 Debug: Notice (8): Undefined variable: languageHelper in [APP\views\layouts\default.ctp, line 93]
2010-01-05 15:38:58 Debug: Notice (8): Undefined index:  City in [APP\controllers\countries_controller.php, line 41]
2010-01-05 15:38:58 Debug: Notice (8): Undefined variable: languageHelper in [APP\views\layouts\default.ctp, line 93]
2010-01-05 15:39:14 Debug: Notice (8): Undefined variable: cities_names in [APP\controllers\countries_controller.php, line 48]
2010-01-05 15:39:14 Debug: Notice (8): Undefined variable: languageHelper in [APP\views\layouts\default.ctp, line 93]
2010-01-05 15:39:39 Debug: Notice (8): Undefined variable: languageHelper in [APP\views\layouts\default.ctp, line 93]
2010-01-05 15:39:57 Debug: Notice (8): Undefined variable: languageHelper in [APP\views\layouts\default.ctp, line 93]
2010-01-05 15:40:25 Debug: Notice (8): Undefined variable: languageHelper in [APP\views\layouts\default.ctp, line 93]
2010-01-05 15:41:23 Debug: Notice (8): Undefined variable: languageHelper in [APP\views\layouts\default.ctp, line 93]
2010-01-05 15:42:05 Debug: Notice (8): Undefined variable: languageHelper in [APP\views\layouts\default.ctp, line 93]
2010-01-05 15:42:21 Debug: Notice (8): Undefined variable: languageHelper in [APP\views\layouts\default.ctp, line 93]
2010-01-05 15:42:40 Debug: Notice (8): Undefined variable: languageHelper in [APP\views\layouts\default.ctp, line 93]
2010-01-05 15:42:45 Debug: Notice (8): Undefined variable: languageHelper in [APP\views\layouts\default.ctp, line 93]
2010-01-05 15:49:42 Debug: Notice (8): Undefined variable: languageHelper in [APP\views\layouts\default.ctp, line 93]
2010-01-05 15:54:18 Debug: Notice (8): Undefined variable: languageHelper in [APP\views\layouts\default.ctp, line 93]
2010-01-05 15:58:48 Debug: Notice (8): Undefined variable: i in [APP\controllers\countries_controller.php, line 160]
2010-01-05 15:58:48 Debug: Notice (8): Undefined variable: languageHelper in [APP\views\layouts\default.ctp, line 93]
2010-01-05 15:59:02 Debug: Notice (8): Undefined variable: languageHelper in [APP\views\layouts\default.ctp, line 93]
2010-01-05 15:59:22 Debug: Notice (8): Undefined offset:  36 in [APP\controllers\countries_controller.php, line 67]
2010-01-05 15:59:22 Debug: Notice (8): Undefined variable: languageHelper in [APP\views\layouts\default.ctp, line 93]
2010-01-05 16:00:47 Debug: Notice (8): Undefined offset:  36 in [APP\controllers\countries_controller.php, line 67]
2010-01-05 16:00:47 Debug: Notice (8): Undefined variable: languageHelper in [APP\views\layouts\default.ctp, line 93]
2010-01-05 16:19:18 Debug: Notice (8): Use of undefined constant language_name - assumed 'language_name' in [APP\views\users\home.ctp, line 40]
2010-01-10 13:32:25 Debug: Notice (8): Undefined index:  group_id in [APP\models\user.php, line 132]
2010-01-10 13:48:12 Debug: Notice (8): Undefined property: View::$project_name in [APP\views\layouts\default.ctp, line 55]
2010-01-10 13:55:26 Debug: Notice (8): Undefined offset:  0 in [APP\models\user.php, line 156]
2010-01-10 13:55:26 Debug: Notice (8): Undefined offset:  0 in [APP\models\user.php, line 157]
2010-01-10 13:57:20 Debug: Notice (8): Undefined index:  group_id in [APP\models\user.php, line 132]
2010-01-10 13:57:20 Debug: Notice (8): Undefined offset:  0 in [APP\models\user.php, line 156]
2010-01-10 13:57:20 Debug: Notice (8): Undefined offset:  0 in [APP\models\user.php, line 157]
2010-01-10 14:12:28 Debug: Notice (8): Undefined variable: offer_level in [APP\controllers\users_controller.php, line 316]
2010-01-10 15:33:58 Debug: Notice (8): Undefined variable: languageHelper in [APP\views\layouts\default.ctp, line 100]
2010-01-10 15:34:43 Debug: Notice (8): Undefined variable: languageHelper in [APP\views\layouts\default.ctp, line 100]
2010-01-10 15:35:19 Debug: Notice (8): Undefined variable: languageHelper in [APP\views\layouts\default.ctp, line 100]
2010-01-10 15:57:20 Debug: Notice (8): Undefined index:  id in [APP\controllers\users_controller.php, line 337]
2010-01-10 15:57:20 Debug: Notice (8): Undefined variable: text in [APP\controllers\users_controller.php, line 610]
2010-01-13 16:39:51 Debug: Notice (8): Undefined property: View::$project_name in [APP\views\users\home.ctp, line 33]
2010-01-13 17:30:09 Debug: Notice (8): Undefined variable: languageHelper in [APP\views\layouts\default.ctp, line 100]
2010-01-13 17:41:16 Debug: Notice (8): Undefined variable: languageHelper in [APP\views\layouts\default.ctp, line 100]
2010-01-13 17:47:45 Debug: Notice (8): Undefined variable: languageHelper in [APP\views\layouts\default.ctp, line 100]
2010-01-13 17:51:28 Debug: Notice (8): Undefined variable: languageHelper in [APP\controllers\users_controller.php, line 626]
2010-01-13 17:51:54 Debug: Notice (8): Undefined variable: template in [APP\controllers\users_controller.php, line 629]
2010-01-13 17:51:56 Debug: Notice (8): Undefined variable: languageHelper in [APP\views\layouts\default.ctp, line 100]
2010-01-13 17:52:17 Debug: Notice (8): Undefined variable: languageHelper in [APP\views\layouts\default.ctp, line 100]
2010-01-13 17:59:10 Debug: Notice (8): Undefined variable: user_name in [APP\views\elements\email\text\rus\user_confirm.ctp, line 4]
2010-01-13 17:59:10 Debug: Notice (8): Undefined variable: site_name in [APP\views\elements\email\text\rus\user_confirm.ctp, line 6]
2010-01-13 17:59:10 Debug: Notice (8): Undefined variable: site_name in [APP\views\elements\email\text\rus\user_confirm.ctp, line 10]
2010-01-13 17:59:14 Debug: Notice (8): Undefined variable: languageHelper in [APP\views\layouts\default.ctp, line 100]
2010-01-13 18:00:55 Debug: Notice (8): Undefined variable: languageHelper in [APP\views\layouts\default.ctp, line 100]
2010-01-13 18:02:50 Debug: Notice (8): Undefined variable: languageHelper in [APP\views\layouts\default.ctp, line 100]
2010-01-13 18:48:35 Debug: Notice (8): Undefined index:  passwrd in [APP\controllers\users_controller.php, line 298]
2010-01-13 18:51:42 Debug: Notice (8): Use of undefined constant User - assumed 'User' in [APP\controllers\users_controller.php, line 66]
2010-01-13 18:51:42 Debug: Notice (8): Use of undefined constant username - assumed 'username' in [APP\controllers\users_controller.php, line 66]
2010-01-13 18:51:42 Debug: Notice (8): Undefined index:  username in [APP\controllers\users_controller.php, line 66]
2010-01-13 18:52:29 Debug: Notice (8): Undefined index:  username in [APP\controllers\users_controller.php, line 66]
2010-01-13 18:53:59 Debug: Notice (8): Undefined variable: id in [APP\controllers\users_controller.php, line 625]
2010-01-13 18:53:59 Debug: Notice (8): Undefined variable: languageHelper in [APP\views\layouts\default.ctp, line 100]
2010-01-13 18:54:31 Debug: Notice (8): Undefined index:  group_id in [APP\models\user.php, line 132]
2010-01-13 18:54:31 Debug: Notice (8): Undefined variable: site_name in [APP\views\elements\email\text\rus\user_greetings.ctp, line 10]
2010-01-13 19:07:50 Debug: Notice (8): Undefined index:  group_id in [APP\models\user.php, line 132]
2010-01-13 19:08:46 Debug: Notice (8): Undefined variable: languageHelper in [APP\views\layouts\default.ctp, line 100]
2010-01-13 19:09:08 Debug: Notice (8): Undefined variable: languageHelper in [APP\views\layouts\default.ctp, line 100]
2010-01-13 19:09:46 Debug: Notice (8): Undefined variable: languageHelper in [APP\views\layouts\default.ctp, line 100]
2010-01-13 19:10:35 Debug: Notice (8): Undefined variable: languageHelper in [APP\views\layouts\default.ctp, line 100]
2010-01-13 19:11:37 Debug: Notice (8): Undefined variable: languageHelper in [APP\views\layouts\default.ctp, line 100]
2010-01-13 19:24:41 Debug: Notice (8): Undefined variable: projectname in [APP\views\layouts\default.ctp, line 56]
2010-01-13 19:25:01 Debug: Notice (8): Undefined variable: projectname in [APP\views\layouts\default.ctp, line 63]
2010-01-13 19:35:46 Debug: Notice (8): Undefined variable: projectnameHelper in [APP\views\layouts\default.ctp, line 55]
2010-01-13 19:41:55 Debug: Notice (8): Undefined variable: projectname in [APP\views\users\home.ctp, line 33]
2010-01-14 01:03:18 Debug: Notice (8): Undefined variable: projectnameHelper in [APP\views\layouts\default.ctp, line 55]
2010-01-14 01:07:17 Debug: Notice (8): Undefined index:  last_login in [APP\views\users\view.ctp, line 120]
2010-01-14 19:08:29 Debug: Notice (8): Undefined index:  last_login in [APP\views\users\view.ctp, line 120]
2010-01-15 16:41:37 Debug: Notice (8): Undefined property: FormHelper::$Session in [APP\app_helper.php, line 6]
2010-01-15 16:42:00 Debug: Notice (8): Undefined property: FormHelper::$Session in [APP\app_helper.php, line 8]
2010-01-15 16:42:49 Debug: Notice (8): Undefined property: FormHelper::$Session in [APP\app_helper.php, line 8]
2010-01-15 17:03:47 Debug: Notice (8): Undefined index:  last_login in [APP\views\users\view.ctp, line 120]
2010-01-15 17:03:56 Debug: Notice (8): Undefined index:  last_login in [APP\views\users\view.ctp, line 120]
2010-01-16 18:46:11 Debug: Notice (8): Undefined index:  language in [APP\views\users\search.ctp, line 55]
2010-01-16 18:57:44 Debug: Notice (8): Undefined variable: projectnameHelper in [APP\views\layouts\default.ctp, line 55]
2010-01-17 11:15:04 Debug: Notice (8): Array to string conversion in [CORE\cake\libs\router.php, line 954]
2010-01-17 11:15:04 Debug: Notice (8): Array to string conversion in [CORE\cake\libs\router.php, line 1058]
2010-01-17 13:19:00 Debug: Notice (8): Undefined property: View::$url in [APP\views\users\search.ctp, line 62]
2010-01-17 13:26:08 Debug: Notice (8): Undefined index:  language in [APP\controllers\users_controller.php, line 185]
2010-01-17 13:26:08 Debug: Notice (8): Undefined index:  country in [APP\controllers\users_controller.php, line 193]
2010-01-17 13:26:08 Debug: Notice (8): Undefined index:  city in [APP\controllers\users_controller.php, line 204]
2010-01-17 13:47:53 Debug: Notice (8): Undefined index:  language in [APP\controllers\users_controller.php, line 185]
2010-01-17 13:47:53 Debug: Notice (8): Undefined index:  country in [APP\controllers\users_controller.php, line 193]
2010-01-17 13:47:53 Debug: Notice (8): Undefined index:  city in [APP\controllers\users_controller.php, line 204]
2010-01-17 13:51:36 Debug: Notice (8): Undefined index:  country in [APP\controllers\users_controller.php, line 193]
2010-01-17 13:51:36 Debug: Notice (8): Undefined index:  city in [APP\controllers\users_controller.php, line 204]
2010-01-17 13:51:36 Debug: Notice (8): Undefined index:  country in [APP\views\users\search.ctp, line 36]
2010-01-17 13:51:36 Debug: Notice (8): Undefined index:  city in [APP\views\users\search.ctp, line 37]
2010-01-17 14:09:42 Debug: Notice (8): Array to string conversion in [CORE\cake\libs\router.php, line 954]
2010-01-17 14:10:03 Debug: Notice (8): Array to string conversion in [CORE\cake\libs\router.php, line 954]
2010-01-17 14:44:10 Debug: Notice (8): Undefined property: View::$Session in [APP\views\users\search.ctp, line 41]
2010-01-17 17:45:47 Debug: Notice (8): Undefined variable: menu in [APP\views\layouts\default.ctp, line 60]
2010-01-17 17:46:02 Debug: Notice (8): Use of undefined constant menu - assumed 'menu' in [APP\views\layouts\default.ctp, line 63]
2010-01-18 00:12:02 Debug: Notice (8): Undefined variable: menu in [APP\views\layouts\default.ctp, line 60]
2010-01-18 01:06:51 Debug: Notice (8): Undefined variable: paginator in [APP\views\users\search.ctp, line 57]
2010-01-18 01:16:27 Debug: Notice (8): Undefined index:  last_login in [APP\views\users\view.ctp, line 120]
2010-01-18 14:11:38 Debug: Notice (8): Undefined variable: str in [APP\views\users\view.ctp, line 18]
2010-01-18 14:11:38 Debug: Notice (8): Undefined index:  name in [APP\views\users\view.ctp, line 107]
2010-01-19 21:42:44 Debug: Notice (8): Undefined variable: projectnameHelper in [APP\views\layouts\default.ctp, line 54]
2010-01-19 21:46:35 Debug: Notice (8): Undefined variable: projectnameHelper in [APP\views\layouts\default.ctp, line 54]
2010-01-19 21:47:25 Debug: Notice (8): Undefined variable: projectnameHelper in [APP\views\layouts\default.ctp, line 54]
2010-01-19 21:48:19 Debug: Notice (8): Undefined variable: projectnameHelper in [APP\views\layouts\default.ctp, line 54]
2010-01-19 21:49:01 Debug: Notice (8): Undefined variable: projectnameHelper in [APP\views\layouts\default.ctp, line 54]
2010-01-19 21:49:05 Debug: Notice (8): Undefined variable: projectnameHelper in [APP\views\layouts\default.ctp, line 54]
2010-01-19 21:50:20 Debug: Notice (8): Undefined offset:  36 in [APP\controllers\countries_controller.php, line 67]
2010-01-19 21:50:20 Debug: Notice (8): Undefined variable: projectnameHelper in [APP\views\layouts\default.ctp, line 54]
2010-01-19 21:50:21 Debug: Notice (8): Undefined offset:  36 in [APP\controllers\countries_controller.php, line 67]
2010-01-19 21:50:21 Debug: Notice (8): Undefined variable: projectnameHelper in [APP\views\layouts\default.ctp, line 54]
2010-01-19 21:50:55 Debug: Notice (8): Undefined offset:  36 in [APP\controllers\countries_controller.php, line 67]
2010-01-19 21:50:55 Debug: Notice (8): Undefined variable: projectnameHelper in [APP\views\layouts\default.ctp, line 54]
2010-01-19 21:53:32 Debug: Notice (8): Undefined variable: projectnameHelper in [APP\views\layouts\default.ctp, line 54]
2010-01-19 21:55:52 Debug: Notice (8): Undefined variable: projectnameHelper in [APP\views\layouts\default.ctp, line 54]
2010-01-19 21:55:58 Debug: Notice (8): Undefined variable: projectnameHelper in [APP\views\layouts\default.ctp, line 54]
2010-01-19 21:56:03 Debug: Notice (8): Undefined variable: projectnameHelper in [APP\views\layouts\default.ctp, line 54]
2010-01-19 21:56:19 Debug: Notice (8): Undefined variable: projectnameHelper in [APP\views\layouts\default.ctp, line 54]
2010-01-19 21:57:10 Debug: Notice (8): Undefined variable: languageHelper in [APP\views\layouts\default.ctp, line 212]
2010-01-19 21:58:35 Debug: Notice (8): Undefined variable: languageHelper in [APP\views\layouts\default.ctp, line 212]
2010-01-19 22:08:35 Debug: Notice (8): Undefined variable: languageHelper in [APP\views\layouts\default.ctp, line 212]
2010-01-19 22:08:48 Debug: Notice (8): Undefined variable: languageHelper in [APP\views\layouts\default.ctp, line 212]
2010-01-19 22:16:25 Debug: Notice (8): Undefined variable: languageHelper in [APP\views\layouts\default.ctp, line 212]
2010-01-19 22:18:53 Debug: Notice (8): Undefined variable: languageHelper in [APP\views\layouts\default.ctp, line 212]
2010-01-19 22:18:59 Debug: Notice (8): Undefined variable: languageHelper in [APP\views\layouts\default.ctp, line 212]
2010-01-19 22:20:24 Debug: Notice (8): Undefined variable: languageHelper in [APP\views\layouts\default.ctp, line 212]
2010-01-19 22:21:33 Debug: Notice (8): Undefined variable: languageHelper in [APP\views\layouts\default.ctp, line 212]
2010-01-19 22:21:44 Debug: Notice (8): Undefined variable: languageHelper in [APP\views\layouts\default.ctp, line 212]
2010-01-19 22:22:08 Debug: Notice (8): Undefined variable: languageHelper in [APP\views\layouts\default.ctp, line 212]
2010-01-19 22:37:20 Debug: Notice (8): Undefined variable: selected_language in [APP\views\users\home.ctp, line 58]
2010-01-20 14:25:14 Debug: Notice (8): Undefined index:  group_id in [APP\models\user.php, line 132]
2010-01-20 14:35:00 Debug: Notice (8): Undefined variable: allow in [APP\app_controller.php, line 65]
2010-01-20 14:35:01 Debug: Notice (8): Undefined variable: allow in [APP\app_controller.php, line 65]
